ProjectFirst04/jrmfRpWalletlib/build/outputs/logs/manifest-merger-debug-report.txt
-- Merging decision tree log ---
manifest
ADDED from src\main\AndroidManifest.xml:1:1-94:12
INJECTED from src\main\AndroidManifest.xml:1:1-94:12
INJECTED from src\main\AndroidManifest.xml:1:1-94:12
INJECTED from src\main\AndroidManifest.xml:1:1-94:12
INJECTED from src\main\AndroidManifest.xml:1:1-94:12
INJECTED from src\main\AndroidManifest.xml:1:1-94:12
INJECTED from src\main\AndroidManifest.xml:1:1-94:12
	package
		ADDED from src\main\AndroidManifest.xml:2:11-42
		INJECTED from src\main\AndroidManifest.xml
		INJECTED from src\main\AndroidManifest.xml
	android:versionName
		INJECTED from src\main\AndroidManifest.xml
		ADDED from src\main\AndroidManifest.xml:1:1-94:12
		INJECTED from src\main\AndroidManifest.xml
	android:versionCode
		INJECTED from src\main\AndroidManifest.xml
		ADDED from src\main\AndroidManifest.xml:1:1-94:12
		INJECTED from src\main\AndroidManifest.xml
	xmlns:android
		ADDED from src\main\AndroidManifest.xml:1:11-69
uses-permission#android.permission.ACCESS_COARSE_LOCATION
ADDED from src\main\AndroidManifest.xml:4:5-81
	android:name
		ADDED from src\main\AndroidManifest.xml:4:22-78
uses-permission#android.permission.INTERNET
ADDED from src\main\AndroidManifest.xml:5:5-66
	android:name
		ADDED from src\main\AndroidManifest.xml:5:22-64
uses-permission#android.permission.ACCESS_NETWORK_STATE
ADDED from src\main\AndroidManifest.xml:6:5-78
	android:name
		ADDED from src\main\AndroidManifest.xml:6:22-76
uses-permission#android.permission.ACCESS_WIFI_STATE
ADDED from src\main\AndroidManifest.xml:7:5-75
	android:name
		ADDED from src\main\AndroidManifest.xml:7:22-73
uses-permission#android.permission.READ_PHONE_STATE
ADDED from src\main\AndroidManifest.xml:9:5-75
	android:name
		ADDED from src\main\AndroidManifest.xml:9:22-72
uses-permission#android.permission.WRITE_EXTERNAL_STORAGE
ADDED from src\main\AndroidManifest.xml:10:5-80
	android:name
		ADDED from src\main\AndroidManifest.xml:10:22-78
uses-permission#android.permission.READ_EXTERNAL_STORAGE
ADDED from src\main\AndroidManifest.xml:11:5-79
	android:name
		ADDED from src\main\AndroidManifest.xml:11:22-77
application
ADDED from src\main\AndroidManifest.xml:13:5-92:19
activity#com.jrmf360.normallib.rp.ui.OpenRpActivity
ADDED from src\main\AndroidManifest.xml:16:9-19:56
	android:launchMode
		ADDED from src\main\AndroidManifest.xml:18:13-44
	android:theme
		ADDED from src\main\AndroidManifest.xml:19:13-54
	android:name
		ADDED from src\main\AndroidManifest.xml:17:13-49
activity#com.jrmf360.normallib.rp.ui.PayTypeActivity
ADDED from src\main\AndroidManifest.xml:21:9-24:51
	android:launchMode
		ADDED from src\main\AndroidManifest.xml:23:13-44
	android:theme
		ADDED from src\main\AndroidManifest.xml:24:13-49
	android:name
		ADDED from src\main\AndroidManifest.xml:22:13-50
activity#com.jrmf360.normallib.rp.ui.TransPayActivity
ADDED from src\main\AndroidManifest.xml:25:9-29:57
	android:launchMode
		ADDED from src\main\AndroidManifest.xml:27:13-44
	android:windowSoftInputMode
		ADDED from src\main\AndroidManifest.xml:29:13-55
	android:theme
		ADDED from src\main\AndroidManifest.xml:28:13-49
	android:name
		ADDED from src\main\AndroidManifest.xml:26:13-51
activity#com.jrmf360.normallib.rp.ui.SendGroupEnvelopesActivity
ADDED from src\main\AndroidManifest.xml:30:9-69
	android:name
		ADDED from src\main\AndroidManifest.xml:30:19-67
activity#com.jrmf360.normallib.rp.ui.SendSingleEnvelopesActivity
ADDED from src\main\AndroidManifest.xml:31:9-70
	android:name
		ADDED from src\main\AndroidManifest.xml:31:19-68
activity#com.jrmf360.normallib.rp.ui.RpDetailActivity
ADDED from src\main\AndroidManifest.xml:32:9-59
	android:name
		ADDED from src\main\AndroidManifest.xml:32:19-57
activity#com.jrmf360.normallib.rp.ui.MyRpActivity
ADDED from src\main\AndroidManifest.xml:33:9-55
	android:name
		ADDED from src\main\AndroidManifest.xml:33:19-53
activity#com.jrmf360.normallib.rp.ui.ResetPwdActivity
ADDED from src\main\AndroidManifest.xml:34:9-59
	android:name
		ADDED from src\main\AndroidManifest.xml:34:19-57
activity#com.jrmf360.normallib.rp.ui.CertificationActivity
ADDED from src\main\AndroidManifest.xml:35:9-64
	android:name
		ADDED from src\main\AndroidManifest.xml:35:19-62
activity#com.jrmf360.normallib.rp.ui.CheckAuthActivity
ADDED from src\main\AndroidManifest.xml:36:9-60
	android:name
		ADDED from src\main\AndroidManifest.xml:36:19-58
activity#com.jrmf360.normallib.rp.ui.CheckUserInfoActivity
ADDED from src\main\AndroidManifest.xml:37:9-64
	android:name
		ADDED from src\main\AndroidManifest.xml:37:19-62
activity#com.jrmf360.normallib.rp.ui.EnBrowserActivity
ADDED from src\main\AndroidManifest.xml:38:9-60
	android:name
		ADDED from src\main\AndroidManifest.xml:38:19-58
activity#com.jrmf360.normallib.rp.ui.SettingPswdActivity
ADDED from src\main\AndroidManifest.xml:39:9-62
	android:name
		ADDED from src\main\AndroidManifest.xml:39:19-60
activity#com.jrmf360.normallib.rp.ui.TradeDetailActivity
ADDED from src\main\AndroidManifest.xml:40:9-62
	android:name
		ADDED from src\main\AndroidManifest.xml:40:19-60
activity#com.jrmf360.normallib.rp.ui.TradeHistoryActivity
ADDED from src\main\AndroidManifest.xml:41:9-63
	android:name
		ADDED from src\main\AndroidManifest.xml:41:19-61
activity#com.jrmf360.normallib.rp.ui.TransAccountActivity
ADDED from src\main\AndroidManifest.xml:42:9-63
	android:name
		ADDED from src\main\AndroidManifest.xml:42:19-61
activity#com.jrmf360.normallib.rp.ui.BankCardListActivity
ADDED from src\main\AndroidManifest.xml:44:9-63
	android:name
		ADDED from src\main\AndroidManifest.xml:44:19-61
activity#com.jrmf360.normallib.rp.ui.AddCardActivity
ADDED from src\main\AndroidManifest.xml:45:9-58
	android:name
		ADDED from src\main\AndroidManifest.xml:45:19-56
activity#com.jrmf360.normallib.rp.ui.AddCardFirsstActivity
ADDED from src\main\AndroidManifest.xml:46:9-64
	android:name
		ADDED from src\main\AndroidManifest.xml:46:19-62
activity#com.jrmf360.normallib.rp.ui.AddCardSecondActivity
ADDED from src\main\AndroidManifest.xml:47:9-64
	android:name
		ADDED from src\main\AndroidManifest.xml:47:19-62
activity#com.jrmf360.normallib.rp.ui.TransDetailActivity
ADDED from src\main\AndroidManifest.xml:49:9-62
	android:name
		ADDED from src\main\AndroidManifest.xml:49:19-60
activity#com.jrmf360.normallib.rp.ui.TransSuccActivity
ADDED from src\main\AndroidManifest.xml:50:9-60
	android:name
		ADDED from src\main\AndroidManifest.xml:50:19-58
activity#com.jrmf360.normallib.rp.ui.WebViewActivity
ADDED from src\main\AndroidManifest.xml:51:9-58
	android:name
		ADDED from src\main\AndroidManifest.xml:51:19-56
activity#com.jrmf360.normallib.wallet.ui.MyWalletActivity
ADDED from src\main\AndroidManifest.xml:54:9-84
	android:name
		ADDED from src\main\AndroidManifest.xml:54:19-82
activity#com.jrmf360.normallib.wallet.ui.AccountInfoActivity
ADDED from src\main\AndroidManifest.xml:55:9-87
	android:name
		ADDED from src\main\AndroidManifest.xml:55:19-85
activity#com.jrmf360.normallib.wallet.ui.TradeHistoryActivity
ADDED from src\main\AndroidManifest.xml:56:9-88
	android:name
		ADDED from src\main\AndroidManifest.xml:56:19-86
activity#com.jrmf360.normallib.wallet.ui.SecureSettingActivity
ADDED from src\main\AndroidManifest.xml:57:9-89
	android:name
		ADDED from src\main\AndroidManifest.xml:57:19-87
activity#com.jrmf360.normallib.wallet.ui.SupportBankCardActivity
ADDED from src\main\AndroidManifest.xml:58:9-91
	android:name
		ADDED from src\main\AndroidManifest.xml:58:19-89
activity#com.jrmf360.normallib.wallet.ui.BankSettingActivity
ADDED from src\main\AndroidManifest.xml:59:9-87
	android:name
		ADDED from src\main\AndroidManifest.xml:59:19-85
activity#com.jrmf360.normallib.wallet.ui.AddCardSecondActivity
ADDED from src\main\AndroidManifest.xml:60:9-89
	android:name
		ADDED from src\main\AndroidManifest.xml:60:19-87
activity#com.jrmf360.normallib.wallet.ui.AddCardFirstActivity
ADDED from src\main\AndroidManifest.xml:61:9-88
	android:name
		ADDED from src\main\AndroidManifest.xml:61:19-86
activity#com.jrmf360.normallib.wallet.ui.GetDepositActivity
ADDED from src\main\AndroidManifest.xml:62:9-86
	android:name
		ADDED from src\main\AndroidManifest.xml:62:19-84
activity#com.jrmf360.normallib.wallet.ui.IdentityAuthenActivity
ADDED from src\main\AndroidManifest.xml:63:9-90
	android:name
		ADDED from src\main\AndroidManifest.xml:63:19-88
activity#com.jrmf360.normallib.wallet.ui.MyRpActivity
ADDED from src\main\AndroidManifest.xml:64:9-80
	android:name
		ADDED from src\main\AndroidManifest.xml:64:19-78
activity#com.jrmf360.normallib.wallet.ui.RechargeActivity
ADDED from src\main\AndroidManifest.xml:65:9-84
	android:name
		ADDED from src\main\AndroidManifest.xml:65:19-82
activity#com.jrmf360.normallib.wallet.ui.TradeDetailActivity
ADDED from src\main\AndroidManifest.xml:66:9-87
	android:name
		ADDED from src\main\AndroidManifest.xml:66:19-85
activity#com.jrmf360.normallib.wallet.ui.WebViewActivity
ADDED from src\main\AndroidManifest.xml:67:9-83
	android:name
		ADDED from src\main\AndroidManifest.xml:67:19-81
activity#com.jrmf360.normallib.wallet.ui.RpDetailActivity
ADDED from src\main\AndroidManifest.xml:69:9-84
	android:name
		ADDED from src\main\AndroidManifest.xml:69:19-82
activity#com.jrmf360.normallib.wallet.ui.GetPwdActivity
ADDED from src\main\AndroidManifest.xml:70:9-82
	android:name
		ADDED from src\main\AndroidManifest.xml:70:19-80
activity#com.jrmf360.normallib.wallet.ui.PwdCheckActivity
ADDED from src\main\AndroidManifest.xml:71:9-84
	android:name
		ADDED from src\main\AndroidManifest.xml:71:19-82
activity#com.jrmf360.normallib.wallet.ui.UpdatePwdActivity
ADDED from src\main\AndroidManifest.xml:72:9-85
	android:name
		ADDED from src\main\AndroidManifest.xml:72:19-83
activity#com.jrmf360.normallib.wallet.ui.SetPayPwdActivity
ADDED from src\main\AndroidManifest.xml:73:9-85
	android:name
		ADDED from src\main\AndroidManifest.xml:73:19-83
activity#com.alipay.sdk.app.H5PayActivity
ADDED from src\main\AndroidManifest.xml:77:9-82:69
	android:screenOrientation
		ADDED from src\main\AndroidManifest.xml:81:13-47
	android:windowSoftInputMode
		ADDED from src\main\AndroidManifest.xml:82:13-67
	android:exported
		ADDED from src\main\AndroidManifest.xml:80:13-37
	android:configChanges
		ADDED from src\main\AndroidManifest.xml:79:13-85
	android:name
		ADDED from src\main\AndroidManifest.xml:78:13-60
activity#com.alipay.sdk.app.H5AuthActivity
ADDED from src\main\AndroidManifest.xml:83:9-88:69
	android:screenOrientation
		ADDED from src\main\AndroidManifest.xml:87:13-47
	android:windowSoftInputMode
		ADDED from src\main\AndroidManifest.xml:88:13-67
	android:exported
		ADDED from src\main\AndroidManifest.xml:86:13-37
	android:configChanges
		ADDED from src\main\AndroidManifest.xml:85:13-74
	android:name
		ADDED from src\main\AndroidManifest.xml:84:13-61
uses-sdk
INJECTED from src\main\AndroidManifest.xml reason: use-sdk injection requested
INJECTED from src\main\AndroidManifest.xml
INJECTED from src\main\AndroidManifest.xml
INJECTED from src\main\AndroidManifest.xml
INJECTED from src\main\AndroidManifest.xml
	android:targetSdkVersion
		INJECTED from src\main\AndroidManifest.xml
		ADDED from src\main\AndroidManifest.xml
		INJECTED from src\main\AndroidManifest.xml
	android:minSdkVersion
		INJECTED from src\main\AndroidManifest.xml
		ADDED from src\main\AndroidManifest.xml
		INJECTED from src\main\AndroidManifest.xml